<?xml version="1.0" encoding="UTF-8"?>
<!-- Generated by org.testng.reporters.JUnitXMLReporter -->
<testsuite ignored="0" hostname="LAPTOP-M4TNNU10" failures="0" tests="3" name="Test1" time="46.316" errors="0" timestamp="2024-05-20T11:36:28 IST">
  <testcase classname="TestNgShopping.Ajio" name="ajio" time="9.76"/>
  <testcase classname="TestNgShopping.webShop" name="webshop" time="11.159"/>
  <testcase classname="TestNgShopping.Flipkart" name="flipkart" time="46.239"/>
</testsuite> <!-- Test1 -->
