<?xml version="1.0" encoding="UTF-8"?>
<!-- Generated by org.testng.reporters.JUnitXMLReporter -->
<testsuite ignored="0" hostname="LAPTOP-M4TNNU10" failures="0" tests="3" name="Test2" time="88.237" errors="0" timestamp="2024-05-20T11:37:57 IST">
  <testcase classname="TestNgShopping.webShop" name="webshop" time="56.832"/>
  <testcase classname="TestNgShopping.Ajio" name="ajio" time="87.689"/>
  <testcase classname="TestNgShopping.Flipkart" name="flipkart" time="88.203"/>
</testsuite> <!-- Test2 -->
